<?xml version="1.0" encoding="UTF-8"?>
<!-- Generated by org.testng.reporters.JUnitReportReporter -->
<testsuite skipped="0" hostname="MOHAMMEDALA556D" name="com.usa.testNG.TestNGGroupTest" tests="4" failures="0" timestamp="2020-02-28T10:09:46 EST" time="0.026" errors="0">
  <testcase name="Scooter1" time="0.001" classname="com.usa.testNG.TestNGGroupTest"/>
  <system-out/>
  <testcase name="Car1" time="0.011" classname="com.usa.testNG.TestNGGroupTest"/>
  <system-out/>
  <testcase name="Car2" time="0.007" classname="com.usa.testNG.TestNGGroupTest"/>
  <system-out/>
  <testcase name="Scooter2" time="0.007" classname="com.usa.testNG.TestNGGroupTest"/>
  <system-out/>
</testsuite> <!-- com.usa.testNG.TestNGGroupTest -->
