<?xml version="1.0" encoding="UTF-8"?>
<!-- Generated by org.testng.reporters.JUnitReportReporter -->
<testsuite skipped="0" hostname="WKSP000A756E" name="com.usa.runner.MyRunner" tests="1" failures="0" timestamp="28 Jan 2020 02:57:03 GMT" time="0.114" errors="0">
  <testcase name="feature" time="0.114" classname="com.usa.runner.MyRunner"/>
</testsuite> <!-- com.usa.runner.MyRunner -->
