<?xml version="1.0" encoding="UTF-8"?>
<!-- Generated by org.testng.reporters.JUnitReportReporter -->
<testsuite skipped="0" hostname="WKSP000A756E" name="com.usa.testNG.TestNGThree" tests="1" failures="0" timestamp="29 Jan 2020 19:36:39 GMT" time="0.009" errors="0">
  <testcase name="testMethodThree" time="0.009" classname="com.usa.testNG.TestNGThree"/>
</testsuite> <!-- com.usa.testNG.TestNGThree -->
