<?xml version="1.0" encoding="UTF-8"?>
<!-- Generated by org.testng.reporters.JUnitReportReporter -->
<testsuite skipped="0" hostname="WKSP000A756E" name="com.usa.testNG.TestNG_Annotations" tests="1" failures="0" timestamp="29 Jan 2020 19:48:44 GMT" time="0.003" errors="0">
  <testcase name="testCase" time="0.003" classname="com.usa.testNG.TestNG_Annotations"/>
</testsuite> <!-- com.usa.testNG.TestNG_Annotations -->
