<?xml version="1.0" encoding="UTF-8"?>
<!-- Generated by org.testng.reporters.JUnitReportReporter -->
<testsuite skipped="0" hostname="Mohammeds-MacBook-Pro.local" name="com.usa.login.functions.ExcelandTestNGDatapProviderLogin" tests="1" failures="0" timestamp="2020-02-02T21:00:28 EST" time="28.051" errors="0">
  <testcase name="loginTest" time="28.051" classname="com.usa.login.functions.ExcelandTestNGDatapProviderLogin"/>
</testsuite> <!-- com.usa.login.functions.ExcelandTestNGDatapProviderLogin -->
