<?xml version="1.0" encoding="UTF-8"?>
<!-- Generated by org.testng.reporters.JUnitReportReporter -->
<testsuite skipped="0" hostname="MOHAMMEDALA556D" name="com.usa.testNG.TestNgParameterExample" tests="2" failures="0" timestamp="2020-02-28T10:22:13 EST" time="0.012" errors="0">
  <testcase name="t2" time="0.003" classname="com.usa.testNG.TestNgParameterExample"/>
  <system-out/>
  <testcase name="t1" time="0.009" classname="com.usa.testNG.TestNgParameterExample"/>
  <system-out/>
</testsuite> <!-- com.usa.testNG.TestNgParameterExample -->
