<?xml version="1.0" encoding="UTF-8"?>
<!-- Generated by org.testng.reporters.JUnitReportReporter -->
<testsuite skipped="0" hostname="WKSP000A756E" name="com.usa.testNG.TestNGGroupTest" tests="2" failures="0" timestamp="29 Jan 2020 20:08:20 GMT" time="0.011" errors="0">
  <testcase name="Car2" time="0.010" classname="com.usa.testNG.TestNGGroupTest"/>
  <testcase name="Scooter2" time="0.001" classname="com.usa.testNG.TestNGGroupTest"/>
</testsuite> <!-- com.usa.testNG.TestNGGroupTest -->
