<?xml version="1.0" encoding="UTF-8"?>
<!-- Generated by org.testng.reporters.JUnitReportReporter -->
<testsuite skipped="0" hostname="MOHAMMEDALA556D" name="com.usa.testNG.TestNGThree" tests="1" failures="0" timestamp="2020-02-28T10:28:55 EST" time="0.007" errors="0">
  <testcase name="testMethodThree" time="0.007" classname="com.usa.testNG.TestNGThree"/>
  <system-out/>
</testsuite> <!-- com.usa.testNG.TestNGThree -->
