<?xml version="1.0" encoding="UTF-8"?>
<!-- Generated by org.testng.reporters.JUnitReportReporter -->
<testsuite skipped="0" hostname="WKSP000A756E" name="com.usa.testNG.RunMultipleTime" tests="10" failures="0" timestamp="30 Jan 2020 14:03:24 GMT" time="0.024" errors="0">
  <testcase name="testMethod" time="0.001" classname="com.usa.testNG.RunMultipleTime"/>
  <testcase name="testMethod" time="0.001" classname="com.usa.testNG.RunMultipleTime"/>
  <testcase name="testMethod" time="0.001" classname="com.usa.testNG.RunMultipleTime"/>
  <testcase name="testMethod" time="0.001" classname="com.usa.testNG.RunMultipleTime"/>
  <testcase name="testMethod" time="0.001" classname="com.usa.testNG.RunMultipleTime"/>
  <testcase name="testMethod" time="0.002" classname="com.usa.testNG.RunMultipleTime"/>
  <testcase name="testMethod" time="0.013" classname="com.usa.testNG.RunMultipleTime"/>
  <testcase name="testMethod" time="0.002" classname="com.usa.testNG.RunMultipleTime"/>
  <testcase name="testMethod" time="0.001" classname="com.usa.testNG.RunMultipleTime"/>
  <testcase name="testMethod" time="0.001" classname="com.usa.testNG.RunMultipleTime"/>
</testsuite> <!-- com.usa.testNG.RunMultipleTime -->
