<?xml version="1.0" encoding="UTF-8"?>
<!-- Generated by org.testng.reporters.JUnitReportReporter -->
<testsuite skipped="0" hostname="WKSP000A756E" name="com.usa.testNG.TestNGOne" tests="1" failures="0" timestamp="29 Jan 2020 19:35:44 GMT" time="0.008" errors="0">
  <testcase name="testMethodOne" time="0.008" classname="com.usa.testNG.TestNGOne"/>
</testsuite> <!-- com.usa.testNG.TestNGOne -->
