<?xml version="1.0" encoding="UTF-8"?>
<!-- Generated by org.testng.reporters.JUnitReportReporter -->
<testsuite skipped="0" hostname="WKSP000A756E" name="com.usa.testNG.DependencyTestUsingAnnotation" tests="3" failures="0" timestamp="29 Jan 2020 20:01:36 GMT" time="0.012" errors="0">
  <testcase name="testSalutationMessage" time="0.002" classname="com.usa.testNG.DependencyTestUsingAnnotation"/>
  <testcase name="testPrintMessage" time="0.009" classname="com.usa.testNG.DependencyTestUsingAnnotation"/>
  <testcase name="initEnvironmentTest" time="0.001" classname="com.usa.testNG.DependencyTestUsingAnnotation"/>
</testsuite> <!-- com.usa.testNG.DependencyTestUsingAnnotation -->
