<?xml version="1.0" encoding="UTF-8"?>
<!-- Generated by org.testng.reporters.JUnitReportReporter -->
<testsuite skipped="0" hostname="MOHAMMEDALA556D" name="com.usa.testNG.TestNGOne" tests="1" failures="0" timestamp="2020-02-28T10:28:55 EST" time="0.013" errors="0">
  <testcase name="testMethodOne" time="0.013" classname="com.usa.testNG.TestNGOne"/>
  <system-out/>
</testsuite> <!-- com.usa.testNG.TestNGOne -->
