<?xml version="1.0" encoding="UTF-8"?>
<!-- Generated by org.testng.reporters.JUnitReportReporter -->
<testsuite skipped="0" hostname="MOHAMMEDALA556D" name="com.usa.testNG.TestngAnnotation" tests="2" failures="0" timestamp="2020-02-28T10:35:52 EST" time="0.016" errors="0">
  <testcase name="testCase2" time="0.005" classname="com.usa.testNG.TestngAnnotation"/>
  <system-out/>
  <testcase name="testCase1" time="0.011" classname="com.usa.testNG.TestngAnnotation"/>
  <system-out/>
</testsuite> <!-- com.usa.testNG.TestngAnnotation -->
