<?xml version="1.0" encoding="UTF-8"?>
<!-- Generated by org.testng.reporters.JUnitReportReporter -->
<testsuite skipped="0" hostname="Mohammeds-MacBook-Pro.local" name="com.usa.login.functions.TextFileLogin" tests="1" failures="0" timestamp="2020-02-01T08:57:02 EST" time="24.476" errors="0">
  <testcase name="textFileLogin" time="24.476" classname="com.usa.login.functions.TextFileLogin"/>
</testsuite> <!-- com.usa.login.functions.TextFileLogin -->
