<?xml version="1.0" encoding="UTF-8"?>
<!-- Generated by org.testng.reporters.JUnitReportReporter -->
<testsuite skipped="0" hostname="MOHAMMEDALA556D" name="com.usa.testNG.TestNGTwo" tests="1" failures="0" timestamp="2020-02-28T10:28:55 EST" time="0.002" errors="0">
  <testcase name="testMethodTwo" time="0.002" classname="com.usa.testNG.TestNGTwo"/>
  <system-out/>
</testsuite> <!-- com.usa.testNG.TestNGTwo -->
